5688 mamba_pvals/chr14.nullscores.txt seed 36168
11398 mamba_pvals/chr14.nullscores.txt seed 662322
17126 mamba_pvals/chr14.nullscores.txt seed 837927
22863 mamba_pvals/chr14.nullscores.txt seed 805605
28560 mamba_pvals/chr14.nullscores.txt seed 545229
34263 mamba_pvals/chr14.nullscores.txt seed 623658
39986 mamba_pvals/chr14.nullscores.txt seed 138031
45701 mamba_pvals/chr14.nullscores.txt seed 152842
51421 mamba_pvals/chr14.nullscores.txt seed 902659
57127 mamba_pvals/chr14.nullscores.txt seed 595887
62854 mamba_pvals/chr14.nullscores.txt seed 142695
68570 mamba_pvals/chr14.nullscores.txt seed 218078
74277 mamba_pvals/chr14.nullscores.txt seed 104942
79975 mamba_pvals/chr14.nullscores.txt seed 345046
85690 mamba_pvals/chr14.nullscores.txt seed 617016
91421 mamba_pvals/chr14.nullscores.txt seed 610603
97137 mamba_pvals/chr14.nullscores.txt seed 124856
102842 mamba_pvals/chr14.nullscores.txt seed 249847
97728 mamba_pvals/chr14.nullscores.txt seed 121475
103454 mamba_pvals/chr14.nullscores.txt seed 520556
